android/app/build/intermediates/manifest_merge_blame_file/release/manifest-merger-blame-release-report.txt
1<?xml version="1.0" encoding="utf-8"?>
2<manifest xmlns:android="http://schemas.android.com/apk/res/android"
3    package="com.onlinehomework"
4    android:versionCode="1"
5    android:versionName="1.0" >
6
7    <uses-sdk
8        android:minSdkVersion="16"
8-->src/main/AndroidManifest.xml
9        android:targetSdkVersion="29" />
9-->src/main/AndroidManifest.xml
10
11    <uses-permission android:name="android.permission.INTERNET" />
11-->src/main/AndroidManifest.xml:4:5-67
11-->src/main/AndroidManifest.xml:4:22-64
12
13    <!-- Required to access Google Play Licensing -->
14    <uses-permission android:name="com.android.vending.CHECK_LICENSE" />
14-->[:rn-fetch-blob] AndroidManifest.xml:12:5-73
14-->[:rn-fetch-blob] AndroidManifest.xml:12:22-70
15    <!--
16         Required to keep CPU alive while downloading files
17        (NOT to keep screen awake)
18    -->
19    <uses-permission android:name="android.permission.WAKE_LOCK" />
19-->[:rn-fetch-blob] AndroidManifest.xml:21:5-68
19-->[:rn-fetch-blob] AndroidManifest.xml:21:22-65
20    <!--
21         Required to poll the state of the network connection
22        and respond to changes
23    -->
24    <uses-permission android:name="android.permission.ACCESS_NETWORK_STATE" /> <!-- Required to check whether Wi-Fi is enabled -->
24-->[:rn-fetch-blob] AndroidManifest.xml:27:5-79
24-->[:rn-fetch-blob] AndroidManifest.xml:27:22-76
25    <uses-permission android:name="android.permission.ACCESS_WIFI_STATE" /> <!-- Required to read and write the expansion files on shared storage -->
25-->[:rn-fetch-blob] AndroidManifest.xml:30:5-76
25-->[:rn-fetch-blob] AndroidManifest.xml:30:22-73
26    <uses-permission android:name="android.permission.WRITE_EXTERNAL_STORAGE" />
26-->[:rn-fetch-blob] AndroidManifest.xml:33:5-81
26-->[:rn-fetch-blob] AndroidManifest.xml:33:22-78
27
28    <application
28-->src/main/AndroidManifest.xml:6:5-25:19
29        android:name="com.onlinehomework.MainApplication"
29-->src/main/AndroidManifest.xml:7:7-38
30        android:allowBackup="false"
30-->src/main/AndroidManifest.xml:11:7-34
31        android:appComponentFactory="androidx.core.app.CoreComponentFactory"
31-->[androidx.core:core:1.1.0] AndroidManifest.xml:24:18-86
32        android:icon="@mipmap/ic_launcher"
32-->src/main/AndroidManifest.xml:9:7-41
33        android:label="@string/app_name"
33-->src/main/AndroidManifest.xml:8:7-39
34        android:roundIcon="@mipmap/ic_launcher_round"
34-->src/main/AndroidManifest.xml:10:7-52
35        android:theme="@style/AppTheme" >
35-->src/main/AndroidManifest.xml:12:7-38
36        <activity
36-->src/main/AndroidManifest.xml:13:7-23:18
37            android:name="com.onlinehomework.MainActivity"
37-->src/main/AndroidManifest.xml:14:9-37
38            android:configChanges="keyboard|keyboardHidden|orientation|screenSize|uiMode"
38-->src/main/AndroidManifest.xml:16:9-86
39            android:label="@string/app_name"
39-->src/main/AndroidManifest.xml:15:9-41
40            android:launchMode="singleTask"
40-->src/main/AndroidManifest.xml:17:9-40
41            android:windowSoftInputMode="adjustResize" >
41-->src/main/AndroidManifest.xml:18:9-51
42            <intent-filter>
42-->src/main/AndroidManifest.xml:19:9-22:25
43                <action android:name="android.intent.action.MAIN" />
43-->src/main/AndroidManifest.xml:20:13-65
43-->src/main/AndroidManifest.xml:20:21-62
44
45                <category android:name="android.intent.category.LAUNCHER" />
45-->src/main/AndroidManifest.xml:21:13-73
45-->src/main/AndroidManifest.xml:21:23-70
46            </intent-filter>
47        </activity>
48        <activity android:name="com.facebook.react.devsupport.DevSettingsActivity" />
48-->src/main/AndroidManifest.xml:24:7-84
48-->src/main/AndroidManifest.xml:24:17-81
49
50        <provider
50-->[:react-native-image-picker] AndroidManifest.xml:10:9-18:20
51            android:name="com.imagepicker.FileProvider"
51-->[:react-native-image-picker] AndroidManifest.xml:11:13-56
52            android:authorities="com.onlinehomework.provider"
52-->[:react-native-image-picker] AndroidManifest.xml:12:13-60
53            android:exported="false"
53-->[:react-native-image-picker] AndroidManifest.xml:13:13-37
54            android:grantUriPermissions="true" >
54-->[:react-native-image-picker] AndroidManifest.xml:14:13-47
55            <meta-data
55-->[:react-native-image-picker] AndroidManifest.xml:15:13-17:58
56                android:name="android.support.FILE_PROVIDER_PATHS"
56-->[:react-native-image-picker] AndroidManifest.xml:16:17-67
57                android:resource="@xml/provider_paths" />
57-->[:react-native-image-picker] AndroidManifest.xml:17:17-55
58        </provider>
59        <provider
59-->[:rn-fetch-blob] AndroidManifest.xml:36:9-44:20
60            android:name="com.RNFetchBlob.Utils.FileProvider"
60-->[:rn-fetch-blob] AndroidManifest.xml:37:13-62
61            android:authorities="com.onlinehomework.provider"
61-->[:rn-fetch-blob] AndroidManifest.xml:38:13-60
62            android:exported="false"
62-->[:rn-fetch-blob] AndroidManifest.xml:39:13-37
63            android:grantUriPermissions="true" >
63-->[:rn-fetch-blob] AndroidManifest.xml:40:13-47
64            <meta-data
64-->[:react-native-image-picker] AndroidManifest.xml:15:13-17:58
65                android:name="android.support.FILE_PROVIDER_PATHS"
65-->[:react-native-image-picker] AndroidManifest.xml:16:17-67
66                android:resource="@xml/provider_paths" />
66-->[:react-native-image-picker] AndroidManifest.xml:17:17-55
67        </provider>
68    </application>
69
70</manifest>